<?xml version="1.0" encoding="UTF-8"?>
<testsuite xmlns:xsi="http://www.w3.org/2001/XMLSchema-instance" xsi:noNamespaceSchemaLocation="https://maven.apache.org/surefire/maven-surefire-plugin/xsd/surefire-test-report.xsd" version="3.0.2" name="it.accenture.progettoEsami.ProgettoEsamiApplicationTests" time="13.551" tests="1" errors="0" skipped="0" failures="0">
  <properties>
[...]
</properties>
  <testcase name="contextLoads" classname="it.accenture.progettoEsami.ProgettoEsamiApplicationTests" time="0.801">
    <system-out><![CDATA[19:13:41.729 [main] INFO org.springframework.test.context.support.AnnotationConfigContextLoaderUtils -- Could not detect default configuration classes for test class [it.accenture.progettoEsami.ProgettoEsamiApplicationTests]: ProgettoEsamiApplicationTests does not declare any static, non-private, non-final, nested classes annotated with @Configuration.
19:13:41.908 [main] INFO org.springframework.boot.test.context.SpringBootTestContextBootstrapper -- Found @SpringBootConfiguration it.accenture.progettoEsami.ProgettoEsamiApplication for test class it.accenture.progettoEsami.ProgettoEsamiApplicationTests
19:13:42.216 [main] INFO org.springframework.boot.devtools.restart.RestartApplicationListener -- Restart disabled due to context in which it is running

  .   ____          _            __ _ _
 /\\ / ___'_ __ _ _(_)_ __  __ _ \ \ \ \
( ( )\___ | '_ | '_| | '_ \/ _` | \ \ \ \
 \\/  ___)| |_)| | | | | || (_| |  ) ) ) )
  '  |____| .__|_| |_|_| |_\__, | / / / /
 =========|_|==============|___/=/_/_/_/

 :: Spring Boot ::                (v3.4.4)

2025-04-20T19:13:42.757+02:00  INFO 58552 --- [progettoEsami] [           main] i.a.p.ProgettoEsamiApplicationTests      : Starting ProgettoEsamiApplicationTests using Java 21.0.7 with PID 58552 (started by andre in C:\Users\andre\Downloads\progettoFinaleProtom-main\progettoFinaleProtom-main\progettoEsami)
2025-04-20T19:13:42.760+02:00  INFO 58552 --- [progettoEsami] [           main] i.a.p.ProgettoEsamiApplicationTests      : No active profile set, falling back to 1 default profile: "default"
2025-04-20T19:13:44.653+02:00  INFO 58552 --- [progettoEsami] [           main] .s.d.r.c.RepositoryConfigurationDelegate : Bootstrapping Spring Data JPA repositories in DEFAULT mode.
2025-04-20T19:13:44.803+02:00  INFO 58552 --- [progettoEsami] [           main] .s.d.r.c.RepositoryConfigurationDelegate : Finished Spring Data repository scanning in 131 ms. Found 2 JPA repository interfaces.
2025-04-20T19:13:46.187+02:00  INFO 58552 --- [progettoEsami] [           main] o.hibernate.jpa.internal.util.LogHelper  : HHH000204: Processing PersistenceUnitInfo [name: default]
2025-04-20T19:13:46.321+02:00  INFO 58552 --- [progettoEsami] [           main] org.hibernate.Version                    : HHH000412: Hibernate ORM core version 6.6.11.Final
2025-04-20T19:13:46.398+02:00  INFO 58552 --- [progettoEsami] [           main] o.h.c.internal.RegionFactoryInitiator    : HHH000026: Second-level cache disabled
2025-04-20T19:13:47.150+02:00  INFO 58552 --- [progettoEsami] [           main] o.s.o.j.p.SpringPersistenceUnitInfo      : No LoadTimeWeaver setup: ignoring JPA class transformer
2025-04-20T19:13:47.220+02:00  INFO 58552 --- [progettoEsami] [           main] com.zaxxer.hikari.HikariDataSource       : HikariPool-1 - Starting...
2025-04-20T19:13:47.599+02:00  INFO 58552 --- [progettoEsami] [           main] com.zaxxer.hikari.pool.HikariPool        : HikariPool-1 - Added connection org.postgresql.jdbc.PgConnection@1a139347
2025-04-20T19:13:47.599+02:00  INFO 58552 --- [progettoEsami] [           main] com.zaxxer.hikari.HikariDataSource       : HikariPool-1 - Start completed.
2025-04-20T19:13:47.740+02:00  INFO 58552 --- [progettoEsami] [           main] org.hibernate.orm.connections.pooling    : HHH10001005: Database info:
	Database JDBC URL [Connecting through datasource 'HikariDataSource (HikariPool-1)']
	Database driver: undefined/unknown
	Database version: 17.4
	Autocommit mode: undefined/unknown
	Isolation level: undefined/unknown
	Minimum pool size: undefined/unknown
	Maximum pool size: undefined/unknown
2025-04-20T19:13:49.386+02:00  INFO 58552 --- [progettoEsami] [           main] o.h.e.t.j.p.i.JtaPlatformInitiator       : HHH000489: No JTA platform available (set 'hibernate.transaction.jta.platform' to enable JTA platform integration)
2025-04-20T19:13:49.628+02:00  INFO 58552 --- [progettoEsami] [           main] j.LocalContainerEntityManagerFactoryBean : Initialized JPA EntityManagerFactory for persistence unit 'default'
2025-04-20T19:13:50.473+02:00  INFO 58552 --- [progettoEsami] [           main] o.s.d.j.r.query.QueryEnhancerFactory     : Hibernate is in classpath; If applicable, HQL parser will be used.
2025-04-20T19:13:52.342+02:00  WARN 58552 --- [progettoEsami] [           main] JpaBaseConfiguration$JpaWebConfiguration : spring.jpa.open-in-view is enabled by default. Therefore, database queries may be performed during view rendering. Explicitly configure spring.jpa.open-in-view to disable this warning
2025-04-20T19:13:53.883+02:00  INFO 58552 --- [progettoEsami] [           main] o.s.b.a.e.web.EndpointLinksResolver      : Exposing 1 endpoint beneath base path '/actuator'
2025-04-20T19:13:54.025+02:00  INFO 58552 --- [progettoEsami] [           main] i.a.p.ProgettoEsamiApplicationTests      : Started ProgettoEsamiApplicationTests in 11.832 seconds (process running for 13.463)
]]></system-out>
    <system-err><![CDATA[Mockito is currently self-attaching to enable the inline-mock-maker. This will no longer work in future releases of the JDK. Please add Mockito as an agent to your build what is described in Mockito's documentation: https://javadoc.io/doc/org.mockito/mockito-core/latest/org/mockito/Mockito.html#0.3
WARNING: A Java agent has been loaded dynamically (C:\Users\andre\.m2\repository\net\bytebuddy\byte-buddy-agent\1.15.11\byte-buddy-agent-1.15.11.jar)
WARNING: If a serviceability tool is in use, please run with -XX:+EnableDynamicAgentLoading to hide this warning
WARNING: If a serviceability tool is not in use, please run with -Djdk.instrument.traceUsage for more information
WARNING: Dynamic loading of agents will be disallowed by default in a future release
]]></system-err>
  </testcase>
</testsuite>